<?xml version="1.0" encoding="UTF-8"?>
<!-- Generated by org.testng.reporters.JUnitXMLReporter -->
<testsuite ignored="0" hostname="Active38" failures="1" tests="1" name="Test" time="1.335" errors="0" timestamp="2023-04-28T12:27:16 IST">
  <testcase classname="apitest.Apitest" name="test" time="1.28">
    <failure type="java.lang.ClassCastException" message="class io.restassured.internal.RestAssuredResponseImpl cannot be cast to class com.github.dockerjava.transport.DockerHttpClient$Response (io.restassured.internal.RestAssuredResponseImpl and com.github.dockerjava.transport.DockerHttpClient$Response are in unnamed module of loader &amp;apos;app&amp;apos;)">
      <![CDATA[java.lang.ClassCastException: class io.restassured.internal.RestAssuredResponseImpl cannot be cast to class com.github.dockerjava.transport.DockerHttpClient$Response (io.restassured.internal.RestAssuredResponseImpl and com.github.dockerjava.transport.DockerHttpClient$Response are in unnamed module of loader 'app')
at apitest.Apitest.test(Apitest.java:16)
at java.base/java.util.ArrayList.forEach(ArrayList.java:1541)
... Removed 27 stack frames]]>
    </failure>
  </testcase> <!-- test -->
</testsuite> <!-- Test -->
