<?xml version="1.0" encoding="UTF-8"?>
<testng-results ignored="0" total="1" passed="1" failed="0" skipped="0">
  <reporter-output>
  </reporter-output>
  <suite started-at="2023-10-18T17:47:48 IST" name="Default suite" finished-at="2023-10-18T17:47:50 IST" duration-ms="1922">
    <groups>
    </groups>
    <test started-at="2023-10-18T17:47:48 IST" name="Default test" finished-at="2023-10-18T17:47:50 IST" duration-ms="1922">
      <class name="api.payload.Get">
        <test-method signature="getTest()[pri:0, instance:api.payload.Get@4dbb42b7]" started-at="2023-10-18T17:47:48 IST" name="getTest" finished-at="2023-10-18T17:47:50 IST" duration-ms="1891" status="PASS">
          <reporter-output>
          </reporter-output>
        </test-method> <!-- getTest -->
      </class> <!-- api.payload.Get -->
    </test> <!-- Default test -->
  </suite> <!-- Default suite -->
</testng-results>
