<?xml version="1.0" encoding="UTF-8"?>
<testng-results ignored="0" total="1" passed="1" failed="0" skipped="0">
  <reporter-output>
  </reporter-output>
  <suite started-at="2024-01-18T12:04:13 IST" name="Default suite" finished-at="2024-01-18T12:04:21 IST" duration-ms="8087">
    <groups>
    </groups>
    <test started-at="2024-01-18T12:04:13 IST" name="Default test" finished-at="2024-01-18T12:04:21 IST" duration-ms="8087">
      <class name="paralleltestng.Screenshot">
        <test-method signature="screenSot()[pri:0, instance:paralleltestng.Screenshot@4d5650ae]" started-at="2024-01-18T12:04:13 IST" name="screenSot" finished-at="2024-01-18T12:04:21 IST" duration-ms="8054" status="PASS">
          <reporter-output>
          </reporter-output>
        </test-method> <!-- screenSot -->
      </class> <!-- paralleltestng.Screenshot -->
    </test> <!-- Default test -->
  </suite> <!-- Default suite -->
</testng-results>
